03-Aug-2023 07:14:27.066 INFO [main] org.apache.catalina.core.ApplicationContext.log ContextListener: contextInitialized()
03-Aug-2023 07:14:27.066 INFO [main] org.apache.catalina.core.ApplicationContext.log SessionListener: contextInitialized()
03-Aug-2023 07:14:27.068 INFO [main] org.apache.catalina.core.ApplicationContext.log ContextListener: attributeAdded('StockTicker', 'async.Stockticker@6ffab045')
03-Aug-2023 07:34:46.785 INFO [main] org.apache.catalina.core.ApplicationContext.log SessionListener: contextDestroyed()
03-Aug-2023 07:34:46.785 INFO [main] org.apache.catalina.core.ApplicationContext.log ContextListener: contextDestroyed()
03-Aug-2023 07:34:59.560 INFO [main] org.apache.catalina.core.ApplicationContext.log ContextListener: contextInitialized()
03-Aug-2023 07:34:59.561 INFO [main] org.apache.catalina.core.ApplicationContext.log SessionListener: contextInitialized()
03-Aug-2023 07:34:59.563 INFO [main] org.apache.catalina.core.ApplicationContext.log ContextListener: attributeAdded('StockTicker', 'async.Stockticker@6ffab045')
03-Aug-2023 08:51:52.859 INFO [main] org.apache.catalina.core.ApplicationContext.log SessionListener: contextDestroyed()
03-Aug-2023 08:51:52.859 INFO [main] org.apache.catalina.core.ApplicationContext.log ContextListener: contextDestroyed()
03-Aug-2023 08:52:14.953 INFO [main] org.apache.catalina.core.ApplicationContext.log ContextListener: contextInitialized()
03-Aug-2023 08:52:14.954 INFO [main] org.apache.catalina.core.ApplicationContext.log SessionListener: contextInitialized()
03-Aug-2023 08:52:14.956 INFO [main] org.apache.catalina.core.ApplicationContext.log ContextListener: attributeAdded('StockTicker', 'async.Stockticker@26fb628')
03-Aug-2023 09:48:32.660 INFO [main] org.apache.catalina.core.ApplicationContext.log SessionListener: contextDestroyed()
03-Aug-2023 09:48:32.660 INFO [main] org.apache.catalina.core.ApplicationContext.log ContextListener: contextDestroyed()
03-Aug-2023 09:48:42.732 INFO [main] org.apache.catalina.core.ApplicationContext.log ContextListener: contextInitialized()
03-Aug-2023 09:48:42.733 INFO [main] org.apache.catalina.core.ApplicationContext.log SessionListener: contextInitialized()
03-Aug-2023 09:48:42.734 INFO [main] org.apache.catalina.core.ApplicationContext.log ContextListener: attributeAdded('StockTicker', 'async.Stockticker@3e2943ab')
03-Aug-2023 20:58:32.434 INFO [Thread-1] org.apache.catalina.core.ApplicationContext.log SessionListener: contextDestroyed()
03-Aug-2023 20:58:32.434 INFO [Thread-1] org.apache.catalina.core.ApplicationContext.log ContextListener: contextDestroyed()
